2019-07-01 10:05:21,872 [11] INFO AMMS.Logger.Services.LoggerService - Logged In user: Tawhid (50800)
2019-07-01 10:07:52,487 [9] INFO AMMS.Logger.Services.LoggerService - API Key Expired, Forced logged Out User: Tawhid (50800)
2019-07-01 10:09:45,273 [9] INFO AMMS.Logger.Services.LoggerService - Logged In user: Tawhid (50800)
2019-07-01 11:09:41,013 [8] INFO AMMS.Logger.Services.LoggerService - Logged In user: Tawhid (50800)
2019-07-01 16:33:49,270 [18] INFO AMMS.Logger.Services.LoggerService - Logged In user: Tawhid (50800)
2019-07-02 09:42:26,847 [14] INFO AMMS.Logger.Services.LoggerService - Logged In user: Tawhid (50800)
2019-07-02 09:55:53,261 [20] INFO AMMS.Logger.Services.LoggerService - Logged Out User: Tawhid (50800)
2019-07-02 09:56:59,900 [22] INFO AMMS.Logger.Services.LoggerService - Logged In user: Tawhid (50800)
2019-07-02 09:59:25,548 [20] INFO AMMS.Logger.Services.LoggerService - Logged Out User: Tawhid (50800)
2019-07-02 10:02:12,969 [20] INFO AMMS.Logger.Services.LoggerService - Logged In user: Md Shamim Reza (5300)
2019-07-02 10:02:39,077 [20] INFO AMMS.Logger.Services.LoggerService - Logged Out User: Md Shamim Reza (5300)
2019-07-02 10:02:41,258 [20] INFO AMMS.Logger.Services.LoggerService - Logged In user: Tawhid (50800)
2019-07-02 10:56:33,738 [83] INFO AMMS.Logger.Services.LoggerService - Logged Out User: Tawhid (50800)
2019-07-02 10:57:55,762 [83] INFO AMMS.Logger.Services.LoggerService - Logged In user: MST ASRAFUN NASHA (15129)
2019-07-02 10:58:13,657 [87] INFO AMMS.Logger.Services.LoggerService - Logged Out User: MST ASRAFUN NASHA (15129)
2019-07-02 10:58:16,787 [87] INFO AMMS.Logger.Services.LoggerService - Logged In user: Tawhid (50800)
2019-07-02 11:49:48,450 [19] INFO AMMS.Logger.Services.LoggerService - API Key Expired, Forced logged Out User: Tawhid (50800)
2019-07-02 11:49:57,174 [24] INFO AMMS.Logger.Services.LoggerService - Logged In user: Tawhid (50800)
2019-07-02 12:17:24,200 [63] INFO AMMS.Logger.Services.LoggerService - API Key Expired, Forced logged Out User: Tawhid (50800)
2019-07-02 12:17:31,547 [61] INFO AMMS.Logger.Services.LoggerService - Logged In user: Tawhid (50800)
2019-07-02 15:28:40,284 [39] INFO AMMS.Logger.Services.LoggerService - API Key Expired, Forced logged Out User: Tawhid (50800)
2019-07-02 15:28:40,284 [44] INFO AMMS.Logger.Services.LoggerService - API Key Expired, Forced logged Out User: Tawhid (50800)
2019-07-02 15:28:40,308 [24] INFO AMMS.Logger.Services.LoggerService - API Key Expired, Forced logged Out User: Tawhid (50800)
2019-07-02 15:28:45,239 [32] INFO AMMS.Logger.Services.LoggerService - Logged In user: Tawhid (50800)
2019-07-02 17:24:52,199 [21] INFO AMMS.Logger.Services.LoggerService - Logged In user: Tawhid (50800)
2019-07-03 09:35:22,717 [5] INFO AMMS.Logger.Services.LoggerService - Logged In user: Tawhid (50800)
2019-07-03 10:30:14,196 [73] INFO AMMS.Logger.Services.LoggerService - API Key Expired, Forced logged Out User: Tawhid (50800)
2019-07-03 10:30:22,042 [75] INFO AMMS.Logger.Services.LoggerService - Logged In user: Tawhid (50800)
2019-07-03 16:52:08,217 [23] INFO AMMS.Logger.Services.LoggerService - Logged In user: Tawhid (50800)
2019-07-03 17:05:37,092 [49] INFO AMMS.Logger.Services.LoggerService - Logged In user: Tawhid (50800)
2019-07-03 17:12:01,214 [40] INFO AMMS.Logger.Services.LoggerService - Logged In user: Tawhid (50800)
2019-07-04 12:51:52,217 [10] INFO AMMS.Logger.Services.LoggerService - Logged In user: Tawhid (50800)
2019-07-06 12:12:03,692 [6] INFO AMMS.Logger.Services.LoggerService - Logged In user: Tawhid (50800)
2019-07-06 12:17:39,257 [29] INFO AMMS.Logger.Services.LoggerService - Logged In user: Tawhid (50800)
2019-07-06 15:46:37,769 [10] INFO AMMS.Logger.Services.LoggerService - Logged In user: Tawhid (50800)
2019-07-06 15:48:07,210 [11] INFO AMMS.Logger.Services.LoggerService - Logged Out User: Tawhid (50800)
2019-07-06 15:48:25,983 [11] INFO AMMS.Logger.Services.LoggerService - Logged In user: Tawhid (50800)
2019-07-06 15:55:52,186 [10] INFO AMMS.Logger.Services.LoggerService - Logged In user: Tawhid (50800)
2019-07-06 15:56:41,117 [9] INFO AMMS.Logger.Services.LoggerService - Logged Out User: Tawhid (50800)
2019-07-06 15:56:43,888 [9] INFO AMMS.Logger.Services.LoggerService - Logged In user: Tawhid (50800)
2019-07-06 15:57:05,278 [10] INFO AMMS.Logger.Services.LoggerService - Logged Out User: Tawhid (50800)
2019-07-06 15:57:14,432 [10] INFO AMMS.Logger.Services.LoggerService - Logged In user: Asiful (50327)
2019-07-06 16:01:31,488 [12] INFO AMMS.Logger.Services.LoggerService - Logged Out User: Asiful (50327)
2019-07-06 16:01:34,183 [10] INFO AMMS.Logger.Services.LoggerService - Logged In user: Tawhid (50800)
2019-07-06 16:49:52,864 [10] INFO AMMS.Logger.Services.LoggerService - Logged In user: Tawhid (50800)
2019-07-06 17:15:39,796 [9] INFO AMMS.Logger.Services.LoggerService - Logged In user: Tawhid (50800)
2019-07-07 09:26:14,157 [10] INFO AMMS.Logger.Services.LoggerService - Logged In user: MD. TAWHID CHOWDHURY (50800)
2019-07-07 15:26:15,717 [10] INFO AMMS.Logger.Services.LoggerService - Logged In user: MD. TAWHID CHOWDHURY (50800)
2019-07-08 12:16:45,446 [14] INFO AMMS.Logger.Services.LoggerService - Logged In user: Tawhid (50800)
2019-07-08 16:01:32,629 [10] INFO AMMS.Logger.Services.LoggerService - Logged In user: Tawhid (50800)
2019-07-08 17:56:48,195 [70] INFO AMMS.Logger.Services.LoggerService - API Key Expired, Forced logged Out User: Tawhid (50800)
2019-07-08 17:56:51,343 [63] INFO AMMS.Logger.Services.LoggerService - Logged In user: MD. TAWHID CHOWDHURY (50800)
2019-07-08 18:27:15,386 [10] INFO AMMS.Logger.Services.LoggerService - Logged In user: MD. TAWHID CHOWDHURY (50800)
2019-07-09 11:07:02,629 [11] INFO AMMS.Logger.Services.LoggerService - Logged In user: MD. TAWHID CHOWDHURY (50800)
2019-07-09 14:54:42,821 [14] INFO AMMS.Logger.Services.LoggerService - Logged In user: MD. TAWHID CHOWDHURY (50800)
2019-07-09 15:48:02,610 [9] INFO AMMS.Logger.Services.LoggerService - Logged In user: MD. TAWHID CHOWDHURY (50800)
2019-07-09 15:55:00,446 [9] INFO AMMS.Logger.Services.LoggerService - Logged In user: MD. TAWHID CHOWDHURY (50800)
2019-07-09 17:15:44,011 [62] INFO AMMS.Logger.Services.LoggerService - Logged In user: Tawhid (50800)
2019-07-10 11:45:54,081 [6] INFO AMMS.Logger.Services.LoggerService - Logged In user: MD. TAWHID CHOWDHURY (50800)
2019-07-10 12:09:56,172 [23] INFO AMMS.Logger.Services.LoggerService - Logged In user: MD. TAWHID CHOWDHURY (50800)
2019-07-10 12:21:36,719 [25] INFO AMMS.Logger.Services.LoggerService - API Key Expired, Forced logged Out User: MD. TAWHID CHOWDHURY (50800)
2019-07-10 12:21:43,856 [25] INFO AMMS.Logger.Services.LoggerService - Logged In user: Tawhid (50800)
2019-07-10 13:09:45,932 [67] INFO AMMS.Logger.Services.LoggerService - API Key Expired, Forced logged Out User: 
2019-07-10 13:10:01,090 [64] INFO AMMS.Logger.Services.LoggerService - Logged In user: Tawhid (50800)
2019-07-10 14:49:56,519 [7] INFO AMMS.Logger.Services.LoggerService - API Key Expired, Forced logged Out User: 
2019-07-10 14:50:00,675 [7] INFO AMMS.Logger.Services.LoggerService - Logged In user: Tawhid (50800)
2019-07-10 16:55:43,968 [56] INFO AMMS.Logger.Services.LoggerService - API Key Expired, Forced logged Out User: Tawhid (50800)
2019-07-10 16:55:52,876 [59] INFO AMMS.Logger.Services.LoggerService - Logged In user: MD. TAWHID CHOWDHURY (50800)
2019-07-11 09:20:46,929 [7] INFO AMMS.Logger.Services.LoggerService - Logged In user: MD. TAWHID CHOWDHURY (50800)
2019-07-11 10:16:57,653 [62] INFO AMMS.Logger.Services.LoggerService - API Key Expired, Forced logged Out User: MD. TAWHID CHOWDHURY (50800)
2019-07-11 10:17:02,055 [65] INFO AMMS.Logger.Services.LoggerService - Logged In user: Tawhid (50800)
2019-07-11 10:36:48,586 [9] INFO AMMS.Logger.Services.LoggerService - API Key Expired, Forced logged Out User: Tawhid (50800)
2019-07-11 10:37:05,516 [9] INFO AMMS.Logger.Services.LoggerService - Logged In user: Tawhid (50800)
2019-07-11 11:00:23,884 [11] INFO AMMS.Logger.Services.LoggerService - API Key Expired, Forced logged Out User: Tawhid (50800)
2019-07-11 11:33:26,119 [137] INFO AMMS.Logger.Services.LoggerService - Logged In user: MD. TAWHID CHOWDHURY (50800)
2019-07-13 09:12:40,613 [10] INFO AMMS.Logger.Services.LoggerService - Logged In user: MD. TAWHID CHOWDHURY (50800)
2019-07-13 11:49:37,664 [64] INFO AMMS.Logger.Services.LoggerService - API Key Expired, Forced logged Out User: MD. TAWHID CHOWDHURY (50800)
2019-07-13 11:50:09,497 [65] INFO AMMS.Logger.Services.LoggerService - Logged In user: Tawhid (50800)
2019-07-13 15:57:59,665 [10] INFO AMMS.Logger.Services.LoggerService - Logged In user: Tawhid (50800)
2019-07-14 12:59:32,448 [9] INFO AMMS.Logger.Services.LoggerService - Logged In user: MD. TAWHID CHOWDHURY (50800)
2019-07-15 09:22:12,667 [7] INFO AMMS.Logger.Services.LoggerService - Logged In user: MD. TAWHID CHOWDHURY (50800)
2019-07-15 12:58:07,035 [72] INFO AMMS.Logger.Services.LoggerService - Logged In user: Tawhid (50800)
2019-07-15 15:16:50,476 [11] INFO AMMS.Logger.Services.LoggerService - Logged In user: MD. TAWHID CHOWDHURY (50800)
2019-07-16 09:30:35,772 [12] INFO AMMS.Logger.Services.LoggerService - Logged In user: MD. TAWHID CHOWDHURY (50800)
2019-07-16 09:30:35,772 [11] INFO AMMS.Logger.Services.LoggerService - Logged In user: MD. TAWHID CHOWDHURY (50800)
2019-07-16 09:32:20,838 [9] INFO AMMS.Logger.Services.LoggerService - API Key Expired, Forced logged Out User: MD. TAWHID CHOWDHURY (50800)
2019-07-16 09:32:48,487 [9] INFO AMMS.Logger.Services.LoggerService - Logged In user: Tawhid (50800)
2019-07-16 10:27:19,489 [8] INFO AMMS.Logger.Services.LoggerService - API Key Expired, Forced logged Out User: Tawhid (50800)
2019-07-16 10:27:55,039 [7] INFO AMMS.Logger.Services.LoggerService - Logged In user: Tawhid (50800)
2019-07-16 10:31:47,446 [9] INFO AMMS.Logger.Services.LoggerService - API Key Expired, Forced logged Out User: Tawhid (50800)
2019-07-16 10:31:51,798 [9] INFO AMMS.Logger.Services.LoggerService - Logged In user: MD. TAWHID CHOWDHURY (50800)
2019-07-16 12:28:36,111 [37] INFO AMMS.Logger.Services.LoggerService - API Key Expired, Forced logged Out User: MD. TAWHID CHOWDHURY (50800)
2019-07-16 12:28:59,776 [37] INFO AMMS.Logger.Services.LoggerService - Logged In user: Tawhid (50800)
2019-07-16 15:26:57,010 [82] INFO AMMS.Logger.Services.LoggerService - API Key Expired, Forced logged Out User: Tawhid (50800)
2019-07-16 15:27:01,865 [82] INFO AMMS.Logger.Services.LoggerService - Logged In user: MD. TAWHID CHOWDHURY (50800)
2019-07-17 09:35:16,991 [7] INFO AMMS.Logger.Services.LoggerService - Logged In user: MD. TAWHID CHOWDHURY (50800)
2019-07-17 09:38:37,112 [7] INFO AMMS.Logger.Services.LoggerService - API Key Expired, Forced logged Out User: MD. TAWHID CHOWDHURY (50800)
2019-07-17 09:38:41,651 [8] INFO AMMS.Logger.Services.LoggerService - Logged In user: Tawhid (50800)
2019-07-17 11:06:08,450 [10] INFO AMMS.Logger.Services.LoggerService - Logged In user: Tawhid (50800)
2019-07-18 09:43:29,485 [7] INFO AMMS.Logger.Services.LoggerService - Logged In user: Tawhid (50800)
2019-07-18 11:42:12,130 [18] INFO AMMS.Logger.Services.LoggerService - API Key Expired, Forced logged Out User: Tawhid (50800)
2019-07-18 11:42:16,586 [18] INFO AMMS.Logger.Services.LoggerService - Logged In user: MD. TAWHID CHOWDHURY (50800)
2019-07-20 12:39:05,468 [10] INFO AMMS.Logger.Services.LoggerService - Logged In user: MD. TAWHID CHOWDHURY (50800)
2019-07-22 10:44:04,622 [55] INFO AMMS.Logger.Services.LoggerService - Logged In user: MD. TAWHID CHOWDHURY (50800)
2019-07-22 15:12:40,347 [7] INFO AMMS.Logger.Services.LoggerService - Logged In user: MD. TAWHID CHOWDHURY (50800)
2019-07-22 16:06:04,525 [28] INFO AMMS.Logger.Services.LoggerService - API Key Expired, Forced logged Out User: MD. TAWHID CHOWDHURY (50800)
2019-07-22 16:06:12,641 [27] INFO AMMS.Logger.Services.LoggerService - Logged In user: Tawhid (50800)
2019-07-22 16:38:08,935 [25] INFO AMMS.Logger.Services.LoggerService - API Key Expired, Forced logged Out User: Tawhid (50800)
2019-07-22 16:38:12,866 [25] INFO AMMS.Logger.Services.LoggerService - Logged In user: MD. TAWHID CHOWDHURY (50800)
2019-07-23 12:20:44,829 [10] INFO AMMS.Logger.Services.LoggerService - Logged In user: MD. TAWHID CHOWDHURY (50800)
2019-07-24 16:18:38,193 [8] INFO AMMS.Logger.Services.LoggerService - Logged In user: MD. TAWHID CHOWDHURY (50800)
2019-07-25 11:15:49,788 [10] INFO AMMS.Logger.Services.LoggerService - Logged In user: MD. TAWHID CHOWDHURY (50800)
2019-07-27 11:57:15,807 [10] INFO AMMS.Logger.Services.LoggerService - Logged In user: MD. TAWHID CHOWDHURY (50800)
2019-07-27 14:19:34,137 [63] INFO AMMS.Logger.Services.LoggerService - API Key Expired, Forced logged Out User: MD. TAWHID CHOWDHURY (50800)
2019-07-27 14:21:31,469 [63] INFO AMMS.Logger.Services.LoggerService - Logged In user: Tawhid (50800)
2019-07-27 15:32:00,533 [7] INFO AMMS.Logger.Services.LoggerService - API Key Expired, Forced logged Out User: Tawhid (50800)
2019-07-27 15:32:21,280 [7] INFO AMMS.Logger.Services.LoggerService - Logged In user: MD. TAWHID CHOWDHURY (50800)
2019-07-27 15:42:37,753 [9] INFO AMMS.Logger.Services.LoggerService - Logged In user: MD. TAWHID CHOWDHURY (50800)
2019-07-27 16:01:50,993 [38] INFO AMMS.Logger.Services.LoggerService - Logged In user: MD. TAWHID CHOWDHURY (50800)
2019-07-27 16:06:11,254 [31] INFO AMMS.Logger.Services.LoggerService - Logged In user: MD. TAWHID CHOWDHURY (50800)
2019-07-27 16:53:52,583 [63] INFO AMMS.Logger.Services.LoggerService - Logged Out User: MD. TAWHID CHOWDHURY (50800)
2019-07-27 16:55:26,380 [63] INFO AMMS.Logger.Services.LoggerService - Logged In user: MD.AZIZUL HOQUE (12463)
2019-07-28 10:05:52,356 [9] INFO AMMS.Logger.Services.LoggerService - Logged In user: MD. TAWHID CHOWDHURY (50800)
2019-07-28 14:27:01,984 [158] INFO AMMS.Logger.Services.LoggerService - Logged In user: MD. TAWHID CHOWDHURY (50800)
2019-07-28 15:45:17,687 [175] INFO AMMS.Logger.Services.LoggerService - Logged Out User: MD. TAWHID CHOWDHURY (50800)
2019-07-28 15:46:12,570 [119] INFO AMMS.Logger.Services.LoggerService - Logged In user: MD.AMIRUL ISLAM+++ (5879)
2019-07-28 15:48:51,278 [175] INFO AMMS.Logger.Services.LoggerService - Logged In user: MD. TAWHID CHOWDHURY (50800)
2019-07-28 15:49:01,770 [175] INFO AMMS.Logger.Services.LoggerService - Logged Out User: MD. TAWHID CHOWDHURY (50800)
2019-07-28 15:49:55,516 [175] INFO AMMS.Logger.Services.LoggerService - Logged In user: MD.NESAR UDDIN (5188)
2019-07-28 16:45:58,117 [172] INFO AMMS.Logger.Services.LoggerService - Logged Out User: MD.NESAR UDDIN (5188)
2019-07-28 16:46:02,753 [177] INFO AMMS.Logger.Services.LoggerService - Logged In user: MD. TAWHID CHOWDHURY (50800)
2019-07-29 10:11:58,500 [7] INFO AMMS.Logger.Services.LoggerService - Logged In user: MD. TAWHID CHOWDHURY (50800)
2019-07-29 16:27:56,176 [10] INFO AMMS.Logger.Services.LoggerService - Logged In user: MD. TAWHID CHOWDHURY (50800)
2019-07-29 16:50:25,848 [58] INFO AMMS.Logger.Services.LoggerService - Logged In user: MD. TAWHID CHOWDHURY (50800)
2019-07-30 10:15:26,013 [8] INFO AMMS.Logger.Services.LoggerService - Logged In user: MD. TAWHID CHOWDHURY (50800)
2019-07-30 10:55:03,941 [34] INFO AMMS.Logger.Services.LoggerService - Logged In user: MD. TAWHID CHOWDHURY (50800)
