2019-06-04 12:48:54,033 [142] INFO ArmadaReports.Logger.Service.LoggerService - IgnoreSecurityCheck = true, empty userid, default userid = 309d6ce0-28d4-41bc-a391-78c624dc10c8 set
2019-06-04 12:48:59,976 [142] INFO ArmadaReports.Logger.Service.LoggerService - User successfully authorized. Redirecting to HOME page with Cookie [userid: 309d6ce0-28d4-41bc-a391-78c624dc10c8] [Previlege: Armada employee] [Report Link: ] [IsKaleo: 1] [KaleoUserType: 1]
2019-06-04 12:59:34,496 [142] INFO ArmadaReports.Logger.Service.LoggerService - IgnoreSecurityCheck = true, empty userid, default userid = 309d6ce0-28d4-41bc-a391-78c624dc10c8 set
2019-06-04 12:59:39,957 [142] INFO ArmadaReports.Logger.Service.LoggerService - User successfully authorized. Redirecting to HOME page with Cookie [userid: 309d6ce0-28d4-41bc-a391-78c624dc10c8] [Previlege: Armada employee] [Report Link: ] [IsKaleo: 1] [KaleoUserType: 1]
2019-06-04 13:17:22,994 [142] INFO ArmadaReports.Logger.Service.LoggerService - IgnoreSecurityCheck = true, empty userid, default userid = 309d6ce0-28d4-41bc-a391-78c624dc10c8 set
2019-06-04 13:17:28,316 [142] INFO ArmadaReports.Logger.Service.LoggerService - User successfully authorized. Redirecting to HOME page with Cookie [userid: 309d6ce0-28d4-41bc-a391-78c624dc10c8] [Previlege: Armada employee] [Report Link: ] [IsKaleo: 1] [KaleoUserType: 1]
2019-06-04 13:17:55,644 [6] INFO ArmadaReports.Logger.Service.LoggerService - IgnoreSecurityCheck = true, empty userid, default userid = 309d6ce0-28d4-41bc-a391-78c624dc10c8 set
2019-06-04 13:18:01,163 [6] INFO ArmadaReports.Logger.Service.LoggerService - User successfully authorized. Redirecting to HOME page with Cookie [userid: 309d6ce0-28d4-41bc-a391-78c624dc10c8] [Previlege: Armada employee] [Report Link: ] [IsKaleo: 1] [KaleoUserType: 1]
2019-06-20 21:12:31,773 [6] INFO ArmadaReports.Logger.Service.LoggerService - IgnoreSecurityCheck = true, empty userid, default userid = 309d6ce0-28d4-41bc-a391-78c624dc10c8 set
2019-06-20 21:12:38,061 [6] INFO ArmadaReports.Logger.Service.LoggerService - User successfully authorized. Redirecting to HOME page with Cookie [userid: 309d6ce0-28d4-41bc-a391-78c624dc10c8] [Previlege: Armada employee] [Report Link: ] [IsKaleo: 1] [KaleoUserType: 1]
2019-06-20 22:47:14,613 [6] INFO ArmadaReports.Logger.Service.LoggerService - IgnoreSecurityCheck = true, empty userid, default userid = 309d6ce0-28d4-41bc-a391-78c624dc10c8 set
2019-06-20 22:47:20,206 [6] INFO ArmadaReports.Logger.Service.LoggerService - User successfully authorized. Redirecting to HOME page with Cookie [userid: 309d6ce0-28d4-41bc-a391-78c624dc10c8] [Previlege: Armada employee] [Report Link: ] [IsKaleo: 1] [KaleoUserType: 1]
2019-07-02 19:31:42,346 [41] INFO ArmadaReports.Logger.Service.LoggerService - IgnoreSecurityCheck = true, empty userid, default userid = 309d6ce0-28d4-41bc-a391-78c624dc10c8 set
2019-07-02 19:31:48,294 [41] INFO ArmadaReports.Logger.Service.LoggerService - User successfully authorized. Redirecting to HOME page with Cookie [userid: 309d6ce0-28d4-41bc-a391-78c624dc10c8] [Previlege: Armada employee] [Report Link: ] [IsKaleo: 1] [KaleoUserType: 1]
2019-07-02 19:43:39,725 [41] INFO ArmadaReports.Logger.Service.LoggerService - IgnoreSecurityCheck = true, empty userid, default userid = 309d6ce0-28d4-41bc-a391-78c624dc10c8 set
2019-07-02 19:43:44,751 [41] INFO ArmadaReports.Logger.Service.LoggerService - User successfully authorized. Redirecting to HOME page with Cookie [userid: 309d6ce0-28d4-41bc-a391-78c624dc10c8] [Previlege: Armada employee] [Report Link: ] [IsKaleo: 1] [KaleoUserType: 1]
2019-07-02 19:51:08,849 [115] INFO ArmadaReports.Logger.Service.LoggerService - IgnoreSecurityCheck = true, empty userid, default userid = 309d6ce0-28d4-41bc-a391-78c624dc10c8 set
2019-07-02 19:51:13,884 [115] INFO ArmadaReports.Logger.Service.LoggerService - User successfully authorized. Redirecting to HOME page with Cookie [userid: 309d6ce0-28d4-41bc-a391-78c624dc10c8] [Previlege: Armada employee] [Report Link: ] [IsKaleo: 1] [KaleoUserType: 1]
2019-07-03 21:05:54,466 [130] INFO ArmadaReports.Logger.Service.LoggerService - IgnoreSecurityCheck = true, empty userid, default userid = 309d6ce0-28d4-41bc-a391-78c624dc10c8 set
2019-07-03 21:05:59,595 [130] INFO ArmadaReports.Logger.Service.LoggerService - User successfully authorized. Redirecting to HOME page with Cookie [userid: 309d6ce0-28d4-41bc-a391-78c624dc10c8] [Previlege: Armada employee] [Report Link: ] [IsKaleo: 1] [KaleoUserType: 1]
2019-07-03 21:11:13,929 [53] INFO ArmadaReports.Logger.Service.LoggerService - IgnoreSecurityCheck = true, empty userid, default userid = 309d6ce0-28d4-41bc-a391-78c624dc10c8 set
2019-07-03 21:11:15,789 [53] INFO ArmadaReports.Logger.Service.LoggerService - User successfully authorized. Redirecting to HOME page with Cookie [userid: 309d6ce0-28d4-41bc-a391-78c624dc10c8] [Previlege: Armada employee] [Report Link: ] [IsKaleo: 1] [KaleoUserType: 1]
2019-07-09 20:54:47,565 [6] INFO ArmadaReports.Logger.Service.LoggerService - IgnoreSecurityCheck = true, empty userid, default userid = 309d6ce0-28d4-41bc-a391-78c624dc10c8 set
2019-07-09 20:54:53,373 [6] INFO ArmadaReports.Logger.Service.LoggerService - User successfully authorized. Redirecting to HOME page with Cookie [userid: 309d6ce0-28d4-41bc-a391-78c624dc10c8] [Previlege: Armada employee] [Report Link: ] [IsKaleo: 1] [KaleoUserType: 1]
2019-07-09 20:57:55,251 [6] INFO ArmadaReports.Logger.Service.LoggerService - User successfully authorized. Redirecting to HOME page with Cookie [userid: abb3cc37-33fb-4f8f-9981-1db6f52dfb53] [Previlege: external member] [Report Link: ] [IsKaleo: 0] [KaleoUserType: 3]
2019-07-09 20:58:48,643 [6] INFO ArmadaReports.Logger.Service.LoggerService - User successfully authorized. Redirecting to HOME page with Cookie [userid: 1c78c69b-3111-40b0-ae7c-734c95d87088] [Previlege: external member] [Report Link: ] [IsKaleo: 0] [KaleoUserType: 3]
2019-07-09 20:59:27,482 [10] INFO ArmadaReports.Logger.Service.LoggerService - User successfully authorized. Redirecting to HOME page with Cookie [userid: 1a796665-eddf-49a0-9011-7010e1de4cdd] [Previlege: external member] [Report Link: ] [IsKaleo: 0] [KaleoUserType: 3]
2019-07-09 20:59:48,093 [19] INFO ArmadaReports.Logger.Service.LoggerService - IgnoreSecurityCheck = true, empty userid, default userid = 309d6ce0-28d4-41bc-a391-78c624dc10c8 set
2019-07-09 20:59:49,920 [19] INFO ArmadaReports.Logger.Service.LoggerService - User successfully authorized. Redirecting to HOME page with Cookie [userid: 309d6ce0-28d4-41bc-a391-78c624dc10c8] [Previlege: Armada employee] [Report Link: ] [IsKaleo: 1] [KaleoUserType: 1]
2019-07-09 21:02:14,580 [7] INFO ArmadaReports.Logger.Service.LoggerService - User successfully authorized. Redirecting to HOME page with Cookie [userid: abb3cc37-33fb-4f8f-9981-1db6f52dfb53] [Previlege: external member] [Report Link: ] [IsKaleo: 0] [KaleoUserType: 3]
2019-07-09 21:03:32,218 [7] INFO ArmadaReports.Logger.Service.LoggerService - User successfully authorized. Redirecting to HOME page with Cookie [userid: 1c78c69b-3111-40b0-ae7c-734c95d87088] [Previlege: external member] [Report Link: ] [IsKaleo: 0] [KaleoUserType: 3]
2019-07-09 21:04:38,698 [18] INFO ArmadaReports.Logger.Service.LoggerService - User successfully authorized. Redirecting to HOME page with Cookie [userid: 1a796665-eddf-49a0-9011-7010e1de4cdd] [Previlege: external member] [Report Link: ] [IsKaleo: 0] [KaleoUserType: 3]
2019-07-09 21:11:39,515 [20] INFO ArmadaReports.Logger.Service.LoggerService - User successfully authorized. Redirecting to HOME page with Cookie [userid: abb3cc37-33fb-4f8f-9981-1db6f52dfb53] [Previlege: external member] [Report Link: ] [IsKaleo: 0] [KaleoUserType: 3]
2019-07-09 21:12:39,451 [14] INFO ArmadaReports.Logger.Service.LoggerService - User successfully authorized. Redirecting to HOME page with Cookie [userid: 1c78c69b-3111-40b0-ae7c-734c95d87088] [Previlege: external member] [Report Link: ] [IsKaleo: 0] [KaleoUserType: 3]
2019-07-09 21:13:36,515 [14] INFO ArmadaReports.Logger.Service.LoggerService - User successfully authorized. Redirecting to HOME page with Cookie [userid: 1a796665-eddf-49a0-9011-7010e1de4cdd] [Previlege: external member] [Report Link: ] [IsKaleo: 0] [KaleoUserType: 3]
2019-07-09 21:14:36,024 [14] INFO ArmadaReports.Logger.Service.LoggerService - IgnoreSecurityCheck = true, empty userid, default userid = 309d6ce0-28d4-41bc-a391-78c624dc10c8 set
2019-07-09 21:14:37,858 [14] INFO ArmadaReports.Logger.Service.LoggerService - User successfully authorized. Redirecting to HOME page with Cookie [userid: 309d6ce0-28d4-41bc-a391-78c624dc10c8] [Previlege: Armada employee] [Report Link: ] [IsKaleo: 1] [KaleoUserType: 1]
2019-07-12 20:55:29,964 [117] INFO ArmadaReports.Logger.Service.LoggerService - IgnoreSecurityCheck = true, empty userid, default userid = 309d6ce0-28d4-41bc-a391-78c624dc10c8 set
2019-07-12 20:55:36,589 [117] INFO ArmadaReports.Logger.Service.LoggerService - User successfully authorized. Redirecting to HOME page with Cookie [userid: 309d6ce0-28d4-41bc-a391-78c624dc10c8] [Previlege: Armada employee] [Report Link: ] [IsKaleo: 1] [KaleoUserType: 1]
2019-07-15 20:19:54,638 [5] INFO ArmadaReports.Logger.Service.LoggerService - IgnoreSecurityCheck = true, empty userid, default userid = 309d6ce0-28d4-41bc-a391-78c624dc10c8 set
2019-07-15 20:20:00,452 [5] INFO ArmadaReports.Logger.Service.LoggerService - User successfully authorized. Redirecting to HOME page with Cookie [userid: 309d6ce0-28d4-41bc-a391-78c624dc10c8] [Previlege: Armada employee] [Report Link: ] [IsKaleo: 1] [KaleoUserType: 1]
2019-07-15 20:28:20,435 [6] INFO ArmadaReports.Logger.Service.LoggerService - IgnoreSecurityCheck = true, empty userid, default userid = 309d6ce0-28d4-41bc-a391-78c624dc10c8 set
2019-07-15 20:28:25,436 [6] INFO ArmadaReports.Logger.Service.LoggerService - User successfully authorized. Redirecting to HOME page with Cookie [userid: 309d6ce0-28d4-41bc-a391-78c624dc10c8] [Previlege: Armada employee] [Report Link: ] [IsKaleo: 1] [KaleoUserType: 1]
2019-07-16 22:24:56,328 [95] INFO ArmadaReports.Logger.Service.LoggerService - IgnoreSecurityCheck = true, empty userid, default userid = 309d6ce0-28d4-41bc-a391-78c624dc10c8 set
2019-07-16 22:25:02,559 [95] INFO ArmadaReports.Logger.Service.LoggerService - User successfully authorized. Redirecting to HOME page with Cookie [userid: 309d6ce0-28d4-41bc-a391-78c624dc10c8] [Previlege: Armada employee] [Report Link: ] [IsKaleo: 1] [KaleoUserType: 1]
2019-07-17 21:59:17,544 [180] INFO ArmadaReports.Logger.Service.LoggerService - IgnoreSecurityCheck = true, empty userid, default userid = 309d6ce0-28d4-41bc-a391-78c624dc10c8 set
2019-07-17 21:59:17,701 [180] INFO ArmadaReports.Logger.Service.LoggerService - Unauthorized user (user = null) with id = 309d6ce0-28d4-41bc-a391-78c624dc10c8, login failed
2019-07-17 22:04:09,090 [175] INFO ArmadaReports.Logger.Service.LoggerService - IgnoreSecurityCheck = true, empty userid, default userid = 309d6ce0-28d4-41bc-a391-78c624dc10c8 set
2019-07-17 22:04:14,628 [175] INFO ArmadaReports.Logger.Service.LoggerService - User successfully authorized. Redirecting to HOME page with Cookie [userid: 309d6ce0-28d4-41bc-a391-78c624dc10c8] [Previlege: Armada employee] [Report Link: ] [IsKaleo: 1] [KaleoUserType: 1]
2019-07-18 19:05:05,152 [154] INFO ArmadaReports.Logger.Service.LoggerService - IgnoreSecurityCheck = true, empty userid, default userid = 309d6ce0-28d4-41bc-a391-78c624dc10c8 set
2019-07-18 19:05:09,364 [154] INFO ArmadaReports.Logger.Service.LoggerService - User successfully authorized. Redirecting to HOME page with Cookie [userid: 309d6ce0-28d4-41bc-a391-78c624dc10c8] [Previlege: Armada employee] [Report Link: ] [IsKaleo: 1] [KaleoUserType: 1]
2019-07-18 19:30:35,151 [83] INFO ArmadaReports.Logger.Service.LoggerService - IgnoreSecurityCheck = true, empty userid, default userid = 309d6ce0-28d4-41bc-a391-78c624dc10c8 set
2019-07-18 19:30:41,050 [83] INFO ArmadaReports.Logger.Service.LoggerService - User successfully authorized. Redirecting to HOME page with Cookie [userid: 309d6ce0-28d4-41bc-a391-78c624dc10c8] [Previlege: Armada employee] [Report Link: ] [IsKaleo: 1] [KaleoUserType: 1]
2019-07-18 19:44:11,845 [152] INFO ArmadaReports.Logger.Service.LoggerService - IgnoreSecurityCheck = true, empty userid, default userid = 309d6ce0-28d4-41bc-a391-78c624dc10c8 set
2019-07-18 19:44:16,896 [152] INFO ArmadaReports.Logger.Service.LoggerService - User successfully authorized. Redirecting to HOME page with Cookie [userid: 309d6ce0-28d4-41bc-a391-78c624dc10c8] [Previlege: Armada employee] [Report Link: ] [IsKaleo: 1] [KaleoUserType: 1]
2019-07-18 20:36:46,615 [5] INFO ArmadaReports.Logger.Service.LoggerService - IgnoreSecurityCheck = true, empty userid, default userid = 309d6ce0-28d4-41bc-a391-78c624dc10c8 set
2019-07-18 20:36:52,092 [5] INFO ArmadaReports.Logger.Service.LoggerService - User successfully authorized. Redirecting to HOME page with Cookie [userid: 309d6ce0-28d4-41bc-a391-78c624dc10c8] [Previlege: Armada employee] [Report Link: ] [IsKaleo: 1] [KaleoUserType: 1]
2019-07-18 21:11:47,433 [135] INFO ArmadaReports.Logger.Service.LoggerService - IgnoreSecurityCheck = true, empty userid, default userid = 309d6ce0-28d4-41bc-a391-78c624dc10c8 set
2019-07-18 21:11:52,473 [135] INFO ArmadaReports.Logger.Service.LoggerService - User successfully authorized. Redirecting to HOME page with Cookie [userid: 309d6ce0-28d4-41bc-a391-78c624dc10c8] [Previlege: Armada employee] [Report Link: ] [IsKaleo: 1] [KaleoUserType: 1]
2019-07-18 21:14:50,919 [141] INFO ArmadaReports.Logger.Service.LoggerService - IgnoreSecurityCheck = true, empty userid, default userid = 309d6ce0-28d4-41bc-a391-78c624dc10c8 set
2019-07-18 21:15:21,304 [141] INFO ArmadaReports.Logger.Service.LoggerService - User successfully authorized. Redirecting to HOME page with Cookie [userid: 309d6ce0-28d4-41bc-a391-78c624dc10c8] [Previlege: Armada employee] [Report Link: ] [IsKaleo: 1] [KaleoUserType: 1]
2019-07-19 11:30:50,827 [145] INFO ArmadaReports.Logger.Service.LoggerService - IgnoreSecurityCheck = true, empty userid, default userid = 309d6ce0-28d4-41bc-a391-78c624dc10c8 set
2019-07-19 11:30:53,866 [145] INFO ArmadaReports.Logger.Service.LoggerService - User successfully authorized. Redirecting to HOME page with Cookie [userid: 309d6ce0-28d4-41bc-a391-78c624dc10c8] [Previlege: Armada employee] [Report Link: ] [IsKaleo: 1] [KaleoUserType: 1]
2019-07-19 22:22:25,449 [101] INFO ArmadaReports.Logger.Service.LoggerService - IgnoreSecurityCheck = true, empty userid, default userid = 309d6ce0-28d4-41bc-a391-78c624dc10c8 set
2019-07-19 22:22:28,492 [101] INFO ArmadaReports.Logger.Service.LoggerService - User successfully authorized. Redirecting to HOME page with Cookie [userid: 309d6ce0-28d4-41bc-a391-78c624dc10c8] [Previlege: Armada employee] [Report Link: ] [IsKaleo: 1] [KaleoUserType: 1]
2019-07-21 21:14:02,364 [84] INFO ArmadaReports.Logger.Service.LoggerService - IgnoreSecurityCheck = true, empty userid, default userid = 309d6ce0-28d4-41bc-a391-78c624dc10c8 set
2019-07-21 21:14:06,994 [84] INFO ArmadaReports.Logger.Service.LoggerService - User successfully authorized. Redirecting to HOME page with Cookie [userid: 309d6ce0-28d4-41bc-a391-78c624dc10c8] [Previlege: Armada employee] [Report Link: ] [IsKaleo: 1] [KaleoUserType: 1]
2019-07-21 21:14:29,548 [76] INFO ArmadaReports.Logger.Service.LoggerService - IgnoreSecurityCheck = true, empty userid, default userid = 309d6ce0-28d4-41bc-a391-78c624dc10c8 set
2019-07-21 21:14:31,376 [76] INFO ArmadaReports.Logger.Service.LoggerService - User successfully authorized. Redirecting to HOME page with Cookie [userid: 309d6ce0-28d4-41bc-a391-78c624dc10c8] [Previlege: Armada employee] [Report Link: ] [IsKaleo: 1] [KaleoUserType: 1]
2019-07-21 21:32:17,166 [29] INFO ArmadaReports.Logger.Service.LoggerService - IgnoreSecurityCheck = true, empty userid, default userid = 309d6ce0-28d4-41bc-a391-78c624dc10c8 set
2019-07-21 21:32:22,204 [29] INFO ArmadaReports.Logger.Service.LoggerService - User successfully authorized. Redirecting to HOME page with Cookie [userid: 309d6ce0-28d4-41bc-a391-78c624dc10c8] [Previlege: Armada employee] [Report Link: ] [IsKaleo: 1] [KaleoUserType: 1]
2019-07-21 21:36:16,779 [27] INFO ArmadaReports.Logger.Service.LoggerService - IgnoreSecurityCheck = true, empty userid, default userid = 309d6ce0-28d4-41bc-a391-78c624dc10c8 set
2019-07-21 21:36:18,717 [27] INFO ArmadaReports.Logger.Service.LoggerService - User successfully authorized. Redirecting to HOME page with Cookie [userid: 309d6ce0-28d4-41bc-a391-78c624dc10c8] [Previlege: Armada employee] [Report Link: ] [IsKaleo: 1] [KaleoUserType: 1]
2019-07-21 21:46:18,586 [8] INFO ArmadaReports.Logger.Service.LoggerService - IgnoreSecurityCheck = true, empty userid, default userid = 309d6ce0-28d4-41bc-a391-78c624dc10c8 set
2019-07-21 21:46:23,635 [8] INFO ArmadaReports.Logger.Service.LoggerService - User successfully authorized. Redirecting to HOME page with Cookie [userid: 309d6ce0-28d4-41bc-a391-78c624dc10c8] [Previlege: Armada employee] [Report Link: ] [IsKaleo: 1] [KaleoUserType: 1]
2019-07-21 21:56:21,693 [116] INFO ArmadaReports.Logger.Service.LoggerService - IgnoreSecurityCheck = true, empty userid, default userid = 309d6ce0-28d4-41bc-a391-78c624dc10c8 set
2019-07-21 21:56:26,743 [116] INFO ArmadaReports.Logger.Service.LoggerService - User successfully authorized. Redirecting to HOME page with Cookie [userid: 309d6ce0-28d4-41bc-a391-78c624dc10c8] [Previlege: Armada employee] [Report Link: ] [IsKaleo: 1] [KaleoUserType: 1]
2019-07-21 22:09:12,067 [102] INFO ArmadaReports.Logger.Service.LoggerService - IgnoreSecurityCheck = true, empty userid, default userid = 309d6ce0-28d4-41bc-a391-78c624dc10c8 set
2019-07-21 22:09:17,127 [102] INFO ArmadaReports.Logger.Service.LoggerService - User successfully authorized. Redirecting to HOME page with Cookie [userid: 309d6ce0-28d4-41bc-a391-78c624dc10c8] [Previlege: Armada employee] [Report Link: ] [IsKaleo: 1] [KaleoUserType: 1]
2019-07-21 22:13:11,511 [82] INFO ArmadaReports.Logger.Service.LoggerService - IgnoreSecurityCheck = true, empty userid, default userid = 309d6ce0-28d4-41bc-a391-78c624dc10c8 set
2019-07-21 22:13:16,229 [82] INFO ArmadaReports.Logger.Service.LoggerService - User successfully authorized. Redirecting to HOME page with Cookie [userid: 309d6ce0-28d4-41bc-a391-78c624dc10c8] [Previlege: Armada employee] [Report Link: ] [IsKaleo: 1] [KaleoUserType: 1]
2019-07-21 22:14:07,687 [82] INFO ArmadaReports.Logger.Service.LoggerService - IgnoreSecurityCheck = true, empty userid, default userid = 309d6ce0-28d4-41bc-a391-78c624dc10c8 set
2019-07-21 22:14:09,525 [82] INFO ArmadaReports.Logger.Service.LoggerService - User successfully authorized. Redirecting to HOME page with Cookie [userid: 309d6ce0-28d4-41bc-a391-78c624dc10c8] [Previlege: Armada employee] [Report Link: ] [IsKaleo: 1] [KaleoUserType: 1]
2019-07-22 19:47:35,689 [62] INFO ArmadaReports.Logger.Service.LoggerService - IgnoreSecurityCheck = true, empty userid, default userid = 309d6ce0-28d4-41bc-a391-78c624dc10c8 set
2019-07-22 19:47:40,627 [62] INFO ArmadaReports.Logger.Service.LoggerService - User successfully authorized. Redirecting to HOME page with Cookie [userid: 309d6ce0-28d4-41bc-a391-78c624dc10c8] [Previlege: Armada employee] [Report Link: ] [IsKaleo: 1] [KaleoUserType: 1]
2019-07-22 19:52:33,996 [62] INFO ArmadaReports.Logger.Service.LoggerService - Impersonate User successfully authorized. Redirecting to HOME page with Cookie [userid: 35314ea5-cd0c-45af-96ba-32ec9d41bdc2] [Previlege: external member] [Report Link: ] [IsKaleo: 0] [KaleoUserType: 3]
2019-07-24 19:21:47,473 [47] INFO ArmadaReports.Logger.Service.LoggerService - IgnoreSecurityCheck = true, empty userid, default userid = 309d6ce0-28d4-41bc-a391-78c624dc10c8 set
2019-07-24 19:21:50,479 [47] INFO ArmadaReports.Logger.Service.LoggerService - User successfully authorized. Redirecting to HOME page with Cookie [userid: 309d6ce0-28d4-41bc-a391-78c624dc10c8] [Previlege: Armada employee] [Report Link: ] [IsKaleo: 1] [KaleoUserType: 1]
2019-07-24 19:22:35,726 [47] INFO ArmadaReports.Logger.Service.LoggerService - User successfully authorized. Redirecting to HOME page with Cookie [userid: 26e6da17-4e8a-49cb-8f85-d9ecbb4cf165] [Previlege: external member] [Report Link: ] [IsKaleo: 0] [KaleoUserType: 3]
2019-07-24 19:23:32,395 [47] INFO ArmadaReports.Logger.Service.LoggerService - User successfully authorized. Redirecting to HOME page with Cookie [userid: 1c78c69b-3111-40b0-ae7c-734c95d87088] [Previlege: external member] [Report Link: ] [IsKaleo: 0] [KaleoUserType: 3]
2019-07-24 20:25:26,908 [28] INFO ArmadaReports.Logger.Service.LoggerService - IgnoreSecurityCheck = true, empty userid, default userid = 309d6ce0-28d4-41bc-a391-78c624dc10c8 set
2019-07-24 20:25:33,064 [28] INFO ArmadaReports.Logger.Service.LoggerService - User successfully authorized. Redirecting to HOME page with Cookie [userid: 309d6ce0-28d4-41bc-a391-78c624dc10c8] [Previlege: Armada employee] [Report Link: ] [IsKaleo: 1] [KaleoUserType: 1]
2019-07-25 21:30:09,518 [20] INFO ArmadaReports.Logger.Service.LoggerService - IgnoreSecurityCheck = true, empty userid, default userid = 309d6ce0-28d4-41bc-a391-78c624dc10c8 set
2019-07-25 21:30:14,834 [20] INFO ArmadaReports.Logger.Service.LoggerService - User successfully authorized. Redirecting to HOME page with Cookie [userid: 309d6ce0-28d4-41bc-a391-78c624dc10c8] [Previlege: Armada employee] [Report Link: ] [IsKaleo: 1] [KaleoUserType: 1]
