2019-07-07 16:14:31,662 [45] INFO AMMS.Logger.Services.LoggerService - user: 3, Accessed : /hrms/employeeDesignation/add
2019-07-10 13:12:10,888 [37] INFO AMMS.Logger.Services.LoggerService - user: 3, Accessed : /hrms/employeeAccount/addEmployeeAccount
2019-07-10 14:17:25,674 [44] INFO AMMS.Logger.Services.LoggerService - user: 3, Accessed : /hrms/employeeAccount/addEmployeeAccount
2019-07-10 14:18:37,325 [44] INFO AMMS.Logger.Services.LoggerService - user: 3, Accessed : /hrms/employeeAccount/addEmployeeAccount
2019-07-10 14:19:25,284 [62] INFO AMMS.Logger.Services.LoggerService - user: 3, Accessed : /hrms/employeeAccount/editEmployeeAccount
2019-07-10 14:22:36,257 [55] INFO AMMS.Logger.Services.LoggerService - user: 3, Accessed : /hrms/employeeAccount/editEmployeeAccount
2019-07-10 14:23:10,261 [5] INFO AMMS.Logger.Services.LoggerService - user: 3, Accessed : /hrms/employeeAccount/editEmployeeAccount
2019-07-10 14:34:00,239 [49] INFO AMMS.Logger.Services.LoggerService - user: 3, Accessed : /hrms/employeeAccount/addEmployeeAccount
2019-07-10 14:40:16,070 [49] INFO AMMS.Logger.Services.LoggerService - user: 3, Accessed : /hrms/employeeAccount/addEmployeeAccount
2019-07-10 14:40:22,661 [49] INFO AMMS.Logger.Services.LoggerService - user: 3, Accessed : /hrms/employeeAccount/addEmployeeAccount
2019-07-10 14:43:35,267 [21] INFO AMMS.Logger.Services.LoggerService - user: 3, Accessed : /hrms/employeeAccount/addEmployeeAccount
2019-07-10 14:46:15,901 [21] INFO AMMS.Logger.Services.LoggerService - user: 3, Accessed : /hrms/employeeAccount/addEmployeeAccount
2019-07-10 14:46:34,305 [21] INFO AMMS.Logger.Services.LoggerService - user: 3, Accessed : /hrms/employeeAccount/editEmployeeAccount
2019-07-10 15:09:08,026 [21] INFO AMMS.Logger.Services.LoggerService - user: 3, Accessed : /hrms/employeeAccount/addEmployeeAccount
2019-07-10 15:19:45,524 [10] INFO AMMS.Logger.Services.LoggerService - user: 3, Accessed : /hrms/employeeAccount/editEmployeeAccount
2019-07-10 15:22:40,689 [17] INFO AMMS.Logger.Services.LoggerService - user: 3, Accessed : /hrms/employeeAccount/addEmployeeAccount
2019-07-10 15:46:42,740 [59] INFO AMMS.Logger.Services.LoggerService - user: 3, Accessed : /hrms/employeeAccount/editEmployeeAccount
2019-07-10 15:48:53,103 [58] INFO AMMS.Logger.Services.LoggerService - user: 3, Accessed : /hrms/employeeAccount/editEmployeeAccount
2019-07-10 15:49:03,295 [59] INFO AMMS.Logger.Services.LoggerService - user: 3, Accessed : /hrms/employeeAccount/editEmployeeAccount
2019-07-10 15:52:36,185 [41] INFO AMMS.Logger.Services.LoggerService - user: 3, Accessed : /hrms/employeeAccount/editEmployeeAccount
2019-07-10 15:56:09,745 [41] INFO AMMS.Logger.Services.LoggerService - user: 3, Accessed : /hrms/employeeAccount/editEmployeeAccount
2019-07-10 15:56:28,921 [41] INFO AMMS.Logger.Services.LoggerService - user: 3, Accessed : /hrms/employeeAccount/editEmployeeAccount
2019-07-10 15:57:17,125 [41] INFO AMMS.Logger.Services.LoggerService - user: 3, Accessed : /hrms/employeeAccount/editEmployeeAccount
2019-07-10 15:59:40,296 [7] INFO AMMS.Logger.Services.LoggerService - user: 3, Accessed : /hrms/employeeAccount/editEmployeeAccount
2019-07-10 16:01:06,328 [7] INFO AMMS.Logger.Services.LoggerService - user: 3, Accessed : /hrms/employeeAccount/editEmployeeAccount
2019-07-11 10:29:45,225 [86] INFO AMMS.Logger.Services.LoggerService - user: 3, Accessed : /hrms/employeeAccount/editEmployeeAccount
2019-07-11 10:32:24,377 [71] INFO AMMS.Logger.Services.LoggerService - user: 3, Accessed : /hrms/employeeAccount/editEmployeeAccount
2019-07-11 10:38:36,133 [8] INFO AMMS.Logger.Services.LoggerService - user: 3, Accessed : /hrms/employeeAccount/editEmployeeAccount
2019-07-11 10:41:17,218 [22] INFO AMMS.Logger.Services.LoggerService - user: 3, Accessed : /hrms/employeeAccount/editEmployeeAccount
2019-07-11 10:41:31,236 [10] INFO AMMS.Logger.Services.LoggerService - user: 3, Accessed : /hrms/employeeAccount/editEmployeeAccount
2019-07-11 10:41:50,724 [8] INFO AMMS.Logger.Services.LoggerService - user: 3, Accessed : /hrms/employeeAccount/editEmployeeAccount
2019-07-11 12:31:45,561 [9] INFO AMMS.Logger.Services.LoggerService - user: 3, Accessed : /hrms/employeeAccount/addEmployeeAccount
2019-07-11 12:34:12,883 [9] INFO AMMS.Logger.Services.LoggerService - user: 3, Accessed : /hrms/employeeAccount/addEmployeeAccount
2019-07-11 12:34:21,737 [9] INFO AMMS.Logger.Services.LoggerService - user: 3, Accessed : /hrms/employeeAccount/addEmployeeAccount
2019-07-23 14:14:10,352 [7] INFO AMMS.Logger.Services.LoggerService - user: 3, Accessed : /hrms/employee/employee/add
2019-07-23 14:15:29,586 [7] INFO AMMS.Logger.Services.LoggerService - user: 3, Accessed : /hrms/employee/employee/update
2019-07-23 14:19:57,774 [8] INFO AMMS.Logger.Services.LoggerService - user: 3, Accessed : /hrms/employee/employee/update
2019-07-23 14:39:21,132 [9] INFO AMMS.Logger.Services.LoggerService - user: 3, Accessed : /hrms/employee/employee/update
2019-07-27 12:38:35,659 [39] INFO AMMS.Logger.Services.LoggerService - user: 3, Accessed : /hrms/employee/employee/add
2019-07-27 12:40:05,926 [39] INFO AMMS.Logger.Services.LoggerService - user: 3, Accessed : /hrms/employee/employee/add
